  grid.cpp
D:\Documents\My Project\CSC10003_FinalProject\source\source\grid.cpp(25,12): error C2511: 'void Grid::Print(void) const': overloaded member function not found in 'Grid'
      D:\Documents\My Project\CSC10003_FinalProject\source\source\grid.h(5,7):
      see declaration of 'Grid'
  
D:\Documents\My Project\CSC10003_FinalProject\source\source\grid.cpp(27,29): error C2597: illegal reference to non-static member 'Grid::numRows'
      D:\Documents\My Project\CSC10003_FinalProject\source\source\grid.cpp(27,29):
      see declaration of 'Grid::numRows'
  
D:\Documents\My Project\CSC10003_FinalProject\source\source\grid.cpp(27,29): error C3867: 'Grid::numRows': non-standard syntax; use '&' to create a pointer to member
D:\Documents\My Project\CSC10003_FinalProject\source\source\grid.cpp(27,29): error C2568: '<': unable to resolve function overload
D:\Documents\My Project\CSC10003_FinalProject\source\source\grid.cpp(29,39): error C2597: illegal reference to non-static member 'Grid::numCols'
      D:\Documents\My Project\CSC10003_FinalProject\source\source\grid.cpp(29,39):
      see declaration of 'Grid::numCols'
  
D:\Documents\My Project\CSC10003_FinalProject\source\source\grid.cpp(29,39): error C3867: 'Grid::numCols': non-standard syntax; use '&' to create a pointer to member
D:\Documents\My Project\CSC10003_FinalProject\source\source\grid.cpp(29,39): error C2568: '<': unable to resolve function overload
D:\Documents\My Project\CSC10003_FinalProject\source\source\grid.cpp(31,26): error C2597: illegal reference to non-static member 'Grid::grid'
      D:\Documents\My Project\CSC10003_FinalProject\source\source\grid.cpp(31,26):
      see declaration of 'Grid::grid'
  
D:\Documents\My Project\CSC10003_FinalProject\source\source\grid.cpp(31,26): error C3867: 'Grid::grid': non-standard syntax; use '&' to create a pointer to member
D:\Documents\My Project\CSC10003_FinalProject\source\source\grid.cpp(31,26): error C2568: '[': unable to resolve function overload
D:\Documents\My Project\CSC10003_FinalProject\source\source\grid.cpp(37,12): error C2511: 'void Grid::Draw(void) const': overloaded member function not found in 'Grid'
      D:\Documents\My Project\CSC10003_FinalProject\source\source\grid.h(5,7):
      see declaration of 'Grid'
  
D:\Documents\My Project\CSC10003_FinalProject\source\source\grid.cpp(39,29): error C2597: illegal reference to non-static member 'Grid::numRows'
      D:\Documents\My Project\CSC10003_FinalProject\source\source\grid.cpp(39,29):
      see declaration of 'Grid::numRows'
  
D:\Documents\My Project\CSC10003_FinalProject\source\source\grid.cpp(39,29): error C3867: 'Grid::numRows': non-standard syntax; use '&' to create a pointer to member
D:\Documents\My Project\CSC10003_FinalProject\source\source\grid.cpp(39,29): error C2568: '<': unable to resolve function overload
D:\Documents\My Project\CSC10003_FinalProject\source\source\grid.cpp(41,39): error C2597: illegal reference to non-static member 'Grid::numCols'
      D:\Documents\My Project\CSC10003_FinalProject\source\source\grid.cpp(41,39):
      see declaration of 'Grid::numCols'
  
D:\Documents\My Project\CSC10003_FinalProject\source\source\grid.cpp(41,39): error C3867: 'Grid::numCols': non-standard syntax; use '&' to create a pointer to member
D:\Documents\My Project\CSC10003_FinalProject\source\source\grid.cpp(41,39): error C2568: '<': unable to resolve function overload
D:\Documents\My Project\CSC10003_FinalProject\source\source\grid.cpp(43,29): error C2597: illegal reference to non-static member 'Grid::grid'
      D:\Documents\My Project\CSC10003_FinalProject\source\source\grid.cpp(43,29):
      see declaration of 'Grid::grid'
  
D:\Documents\My Project\CSC10003_FinalProject\source\source\grid.cpp(43,29): error C3867: 'Grid::grid': non-standard syntax; use '&' to create a pointer to member
D:\Documents\My Project\CSC10003_FinalProject\source\source\grid.cpp(43,29): error C2568: '[': unable to resolve function overload
D:\Documents\My Project\CSC10003_FinalProject\source\source\grid.cpp(44,36): error C2597: illegal reference to non-static member 'Grid::cellSize'
      D:\Documents\My Project\CSC10003_FinalProject\source\source\grid.cpp(44,36):
      see declaration of 'Grid::cellSize'
  
D:\Documents\My Project\CSC10003_FinalProject\source\source\grid.cpp(44,36): error C3867: 'Grid::cellSize': non-standard syntax; use '&' to create a pointer to member
D:\Documents\My Project\CSC10003_FinalProject\source\source\grid.cpp(44,36): error C2568: '*': unable to resolve function overload
D:\Documents\My Project\CSC10003_FinalProject\source\source\grid.cpp(44,57): error C2597: illegal reference to non-static member 'Grid::cellSize'
      D:\Documents\My Project\CSC10003_FinalProject\source\source\grid.cpp(44,57):
      see declaration of 'Grid::cellSize'
  
D:\Documents\My Project\CSC10003_FinalProject\source\source\grid.cpp(44,57): error C3867: 'Grid::cellSize': non-standard syntax; use '&' to create a pointer to member
D:\Documents\My Project\CSC10003_FinalProject\source\source\grid.cpp(44,57): error C2568: '*': unable to resolve function overload
D:\Documents\My Project\CSC10003_FinalProject\source\source\grid.cpp(44,72): error C2597: illegal reference to non-static member 'Grid::cellSize'
      D:\Documents\My Project\CSC10003_FinalProject\source\source\grid.cpp(44,72):
      see declaration of 'Grid::cellSize'
  
D:\Documents\My Project\CSC10003_FinalProject\source\source\grid.cpp(44,72): error C3867: 'Grid::cellSize': non-standard syntax; use '&' to create a pointer to member
D:\Documents\My Project\CSC10003_FinalProject\source\source\grid.cpp(44,72): error C2568: '-': unable to resolve function overload
D:\Documents\My Project\CSC10003_FinalProject\source\source\grid.cpp(44,86): error C2597: illegal reference to non-static member 'Grid::cellSize'
      D:\Documents\My Project\CSC10003_FinalProject\source\source\grid.cpp(44,86):
      see declaration of 'Grid::cellSize'
  
D:\Documents\My Project\CSC10003_FinalProject\source\source\grid.cpp(44,86): error C3867: 'Grid::cellSize': non-standard syntax; use '&' to create a pointer to member
D:\Documents\My Project\CSC10003_FinalProject\source\source\grid.cpp(44,86): error C2568: '-': unable to resolve function overload
D:\Documents\My Project\CSC10003_FinalProject\source\source\grid.cpp(44,100): error C2597: illegal reference to non-static member 'Grid::colors'
      D:\Documents\My Project\CSC10003_FinalProject\source\source\grid.cpp(44,100):
      see declaration of 'Grid::colors'
  
D:\Documents\My Project\CSC10003_FinalProject\source\source\grid.cpp(44,100): error C3867: 'Grid::colors': non-standard syntax; use '&' to create a pointer to member
D:\Documents\My Project\CSC10003_FinalProject\source\source\grid.cpp(44,100): error C2568: '[': unable to resolve function overload
D:\Documents\My Project\CSC10003_FinalProject\source\source\grid.cpp(44,13): error C2660: 'DrawRectangle': function does not take 1 arguments
      C:\Users\nghoo\vcpkg\installed\x64-windows\include\raylib.h(1265,12):
      see declaration of 'DrawRectangle'
      D:\Documents\My Project\CSC10003_FinalProject\source\source\grid.cpp(44,13):
      while trying to match the argument list '()'
  
D:\Documents\My Project\CSC10003_FinalProject\source\source\grid.cpp(49,12): error C2511: 'bool Grid::IsCellOutside(int,int) const': overloaded member function not found in 'Grid'
      D:\Documents\My Project\CSC10003_FinalProject\source\source\grid.h(5,7):
      see declaration of 'Grid'
  
D:\Documents\My Project\CSC10003_FinalProject\source\source\grid.cpp(51,27): error C2597: illegal reference to non-static member 'Grid::numRows'
      D:\Documents\My Project\CSC10003_FinalProject\source\source\grid.cpp(51,27):
      see declaration of 'Grid::numRows'
  
D:\Documents\My Project\CSC10003_FinalProject\source\source\grid.cpp(51,27): error C3867: 'Grid::numRows': non-standard syntax; use '&' to create a pointer to member
D:\Documents\My Project\CSC10003_FinalProject\source\source\grid.cpp(51,27): error C2568: '<': unable to resolve function overload
D:\Documents\My Project\CSC10003_FinalProject\source\source\grid.cpp(51,62): error C2597: illegal reference to non-static member 'Grid::numCols'
      D:\Documents\My Project\CSC10003_FinalProject\source\source\grid.cpp(51,62):
      see declaration of 'Grid::numCols'
  
D:\Documents\My Project\CSC10003_FinalProject\source\source\grid.cpp(51,62): error C3867: 'Grid::numCols': non-standard syntax; use '&' to create a pointer to member
D:\Documents\My Project\CSC10003_FinalProject\source\source\grid.cpp(51,62): error C2568: '<': unable to resolve function overload
D:\Documents\My Project\CSC10003_FinalProject\source\source\grid.cpp(58,12): error C2511: 'bool Grid::IsCellEmpty(int,int) const': overloaded member function not found in 'Grid'
      D:\Documents\My Project\CSC10003_FinalProject\source\source\grid.h(5,7):
      see declaration of 'Grid'
  
D:\Documents\My Project\CSC10003_FinalProject\source\source\grid.cpp(60,9): error C2597: illegal reference to non-static member 'Grid::grid'
      D:\Documents\My Project\CSC10003_FinalProject\source\source\grid.cpp(60,9):
      see declaration of 'Grid::grid'
  
D:\Documents\My Project\CSC10003_FinalProject\source\source\grid.cpp(60,9): error C3867: 'Grid::grid': non-standard syntax; use '&' to create a pointer to member
D:\Documents\My Project\CSC10003_FinalProject\source\source\grid.cpp(60,9): error C2568: '[': unable to resolve function overload
D:\Documents\My Project\CSC10003_FinalProject\source\source\grid.cpp(67,11): error C2511: 'int Grid::ClearFullRows(void) const': overloaded member function not found in 'Grid'
      D:\Documents\My Project\CSC10003_FinalProject\source\source\grid.h(5,7):
      see declaration of 'Grid'
  
D:\Documents\My Project\CSC10003_FinalProject\source\source\grid.cpp(70,20): error C2597: illegal reference to non-static member 'Grid::numRows'
      D:\Documents\My Project\CSC10003_FinalProject\source\source\grid.cpp(70,20):
      see declaration of 'Grid::numRows'
  
D:\Documents\My Project\CSC10003_FinalProject\source\source\grid.cpp(70,20): error C3867: 'Grid::numRows': non-standard syntax; use '&' to create a pointer to member
D:\Documents\My Project\CSC10003_FinalProject\source\source\grid.cpp(70,20): error C2568: '-': unable to resolve function overload
D:\Documents\My Project\CSC10003_FinalProject\source\source\grid.cpp(72,13): error C2352: 'Grid::IsRowFull': a call of a non-static member function requires an object
      D:\Documents\My Project\CSC10003_FinalProject\source\source\grid.h(18,10):
      see declaration of 'Grid::IsRowFull'
  
D:\Documents\My Project\CSC10003_FinalProject\source\source\grid.cpp(74,13): error C2352: 'Grid::ClearRow': a call of a non-static member function requires an object
      D:\Documents\My Project\CSC10003_FinalProject\source\source\grid.h(19,10):
      see declaration of 'Grid::ClearRow'
  
D:\Documents\My Project\CSC10003_FinalProject\source\source\grid.cpp(79,13): error C2352: 'Grid::MoveRowDown': a call of a non-static member function requires an object
      D:\Documents\My Project\CSC10003_FinalProject\source\source\grid.h(20,10):
      see declaration of 'Grid::MoveRowDown'
  
D:\Documents\My Project\CSC10003_FinalProject\source\source\grid.cpp(85,12): error C2511: 'bool Grid::IsRowFull(int) const': overloaded member function not found in 'Grid'
      D:\Documents\My Project\CSC10003_FinalProject\source\source\grid.h(5,7):
      see declaration of 'Grid'
  
D:\Documents\My Project\CSC10003_FinalProject\source\source\grid.cpp(87,35): error C2597: illegal reference to non-static member 'Grid::numCols'
      D:\Documents\My Project\CSC10003_FinalProject\source\source\grid.cpp(87,35):
      see declaration of 'Grid::numCols'
  
D:\Documents\My Project\CSC10003_FinalProject\source\source\grid.cpp(87,35): error C3867: 'Grid::numCols': non-standard syntax; use '&' to create a pointer to member
D:\Documents\My Project\CSC10003_FinalProject\source\source\grid.cpp(87,35): error C2568: '<': unable to resolve function overload
D:\Documents\My Project\CSC10003_FinalProject\source\source\grid.cpp(89,13): error C2597: illegal reference to non-static member 'Grid::grid'
      D:\Documents\My Project\CSC10003_FinalProject\source\source\grid.cpp(89,13):
      see declaration of 'Grid::grid'
  
D:\Documents\My Project\CSC10003_FinalProject\source\source\grid.cpp(89,13): error C3867: 'Grid::grid': non-standard syntax; use '&' to create a pointer to member
D:\Documents\My Project\CSC10003_FinalProject\source\source\grid.cpp(89,13): error C2568: '[': unable to resolve function overload
  source.cpp
D:\Documents\My Project\CSC10003_FinalProject\source\source\source.cpp(45,52): warning C4305: 'argument': truncation from 'double' to 'float'
D:\Documents\My Project\CSC10003_FinalProject\source\source\source.cpp(52,54): warning C4305: 'argument': truncation from 'double' to 'float'
D:\Documents\My Project\CSC10003_FinalProject\source\source\source.cpp(48,9): error C4996: 'sprintf': This function or variable may be unsafe. Consider using sprintf_s instead. To disable deprecation, use _CRT_SECURE_NO_WARNINGS. See online help for details.
  Generating Code...
